d:\storage\daniil\sundials_build\src\ida\sundials_ida_obj_shared.dir\release\ida_spils.obj
d:\storage\daniil\sundials_build\src\ida\sundials_ida_obj_shared.dir\release\ida_nls.obj
d:\storage\daniil\sundials_build\src\ida\sundials_ida_obj_shared.dir\release\ida_ls.obj
d:\storage\daniil\sundials_build\src\ida\sundials_ida_obj_shared.dir\release\ida_io.obj
d:\storage\daniil\sundials_build\src\ida\sundials_ida_obj_shared.dir\release\ida_ic.obj
d:\storage\daniil\sundials_build\src\ida\sundials_ida_obj_shared.dir\release\ida_direct.obj
d:\storage\daniil\sundials_build\src\ida\sundials_ida_obj_shared.dir\release\ida_bbdpre.obj
d:\storage\daniil\sundials_build\src\ida\sundials_ida_obj_shared.dir\release\ida.obj
d:\storage\daniil\sundials_build\src\ida\cmakefiles\generate.stamp
d:\storage\daniil\sundials_build\src\ida\sundials_ida_obj_shared.dir\release\sundials_ida_obj_shared.lib
d:\storage\daniil\sundials_build\src\ida\sundials_ida_obj_shared.dir\release\sundials.6de4522f.tlog\cl.command.1.tlog
d:\storage\daniil\sundials_build\src\ida\sundials_ida_obj_shared.dir\release\sundials.6de4522f.tlog\cl.items.tlog
d:\storage\daniil\sundials_build\src\ida\sundials_ida_obj_shared.dir\release\sundials.6de4522f.tlog\cl.read.1.tlog
d:\storage\daniil\sundials_build\src\ida\sundials_ida_obj_shared.dir\release\sundials.6de4522f.tlog\cl.write.1.tlog
d:\storage\daniil\sundials_build\src\ida\sundials_ida_obj_shared.dir\release\sundials.6de4522f.tlog\custombuild.command.1.tlog
d:\storage\daniil\sundials_build\src\ida\sundials_ida_obj_shared.dir\release\sundials.6de4522f.tlog\custombuild.read.1.tlog
d:\storage\daniil\sundials_build\src\ida\sundials_ida_obj_shared.dir\release\sundials.6de4522f.tlog\custombuild.write.1.tlog
d:\storage\daniil\sundials_build\src\ida\sundials_ida_obj_shared.dir\release\sundials.6de4522f.tlog\lib-link.read.1.tlog
d:\storage\daniil\sundials_build\src\ida\sundials_ida_obj_shared.dir\release\sundials.6de4522f.tlog\lib-link.write.1.tlog
d:\storage\daniil\sundials_build\src\ida\sundials_ida_obj_shared.dir\release\sundials.6de4522f.tlog\lib.command.1.tlog
