d:\storage\daniil\sundials_build\src\ida\sundials_ida_obj_static.dir\debug\sundials_ida_obj_static.pdb
d:\storage\daniil\sundials_build\src\ida\sundials_ida_obj_static.dir\debug\ida_spils.obj
d:\storage\daniil\sundials_build\src\ida\sundials_ida_obj_static.dir\debug\ida_nls.obj
d:\storage\daniil\sundials_build\src\ida\sundials_ida_obj_static.dir\debug\ida_ls.obj
d:\storage\daniil\sundials_build\src\ida\sundials_ida_obj_static.dir\debug\ida_io.obj
d:\storage\daniil\sundials_build\src\ida\sundials_ida_obj_static.dir\debug\ida_ic.obj
d:\storage\daniil\sundials_build\src\ida\sundials_ida_obj_static.dir\debug\ida_direct.obj
d:\storage\daniil\sundials_build\src\ida\sundials_ida_obj_static.dir\debug\ida_bbdpre.obj
d:\storage\daniil\sundials_build\src\ida\sundials_ida_obj_static.dir\debug\ida.obj
d:\storage\daniil\sundials_build\src\ida\cmakefiles\generate.stamp
d:\storage\daniil\sundials_build\src\ida\sundials_ida_obj_static.dir\debug\sundials_ida_obj_static.lib
d:\storage\daniil\sundials_build\src\ida\sundials_ida_obj_static.dir\debug\sundials.bc240f0d.tlog\cl.command.1.tlog
d:\storage\daniil\sundials_build\src\ida\sundials_ida_obj_static.dir\debug\sundials.bc240f0d.tlog\cl.items.tlog
d:\storage\daniil\sundials_build\src\ida\sundials_ida_obj_static.dir\debug\sundials.bc240f0d.tlog\cl.read.1.tlog
d:\storage\daniil\sundials_build\src\ida\sundials_ida_obj_static.dir\debug\sundials.bc240f0d.tlog\cl.write.1.tlog
d:\storage\daniil\sundials_build\src\ida\sundials_ida_obj_static.dir\debug\sundials.bc240f0d.tlog\custombuild.command.1.tlog
d:\storage\daniil\sundials_build\src\ida\sundials_ida_obj_static.dir\debug\sundials.bc240f0d.tlog\custombuild.read.1.tlog
d:\storage\daniil\sundials_build\src\ida\sundials_ida_obj_static.dir\debug\sundials.bc240f0d.tlog\custombuild.write.1.tlog
d:\storage\daniil\sundials_build\src\ida\sundials_ida_obj_static.dir\debug\sundials.bc240f0d.tlog\lib-link.read.1.tlog
d:\storage\daniil\sundials_build\src\ida\sundials_ida_obj_static.dir\debug\sundials.bc240f0d.tlog\lib-link.write.1.tlog
d:\storage\daniil\sundials_build\src\ida\sundials_ida_obj_static.dir\debug\sundials.bc240f0d.tlog\lib.command.1.tlog
