d:\storage\daniil\auto_ignition\auto_ignition\auto_ignition\x64\debug\vc143.pdb
d:\storage\daniil\auto_ignition\auto_ignition\auto_ignition\x64\debug\vc143.idb
d:\storage\daniil\auto_ignition\auto_ignition\auto_ignition\x64\debug\transport.obj
d:\storage\daniil\auto_ignition\auto_ignition\auto_ignition\x64\debug\thermo.obj
d:\storage\daniil\auto_ignition\auto_ignition\auto_ignition\x64\debug\reaction.obj
d:\storage\daniil\auto_ignition\auto_ignition\auto_ignition\x64\debug\element.obj
d:\storage\daniil\auto_ignition\auto_ignition\auto_ignition\x64\debug\polyfit.obj
d:\storage\daniil\auto_ignition\auto_ignition\auto_ignition\x64\debug\mmcollisionint.obj
d:\storage\daniil\auto_ignition\auto_ignition\auto_ignition\x64\debug\transportparser.obj
d:\storage\daniil\auto_ignition\auto_ignition\auto_ignition\x64\debug\auto_ignition.obj
d:\storage\daniil\auto_ignition\auto_ignition\auto_ignition\x64\debug\chemkinreader.obj
d:\storage\daniil\auto_ignition\auto_ignition\auto_ignition\x64\debug\concentration.obj
d:\storage\daniil\auto_ignition\auto_ignition\auto_ignition\x64\debug\constants.obj
d:\storage\daniil\auto_ignition\auto_ignition\auto_ignition\x64\debug\functions_sundials.obj
d:\storage\daniil\auto_ignition\auto_ignition\auto_ignition\x64\debug\gastransport.obj
d:\storage\daniil\auto_ignition\auto_ignition\auto_ignition\x64\debug\posix_api.obj
d:\storage\daniil\auto_ignition\auto_ignition\auto_ignition\x64\debug\regex.obj
d:\storage\daniil\auto_ignition\auto_ignition\auto_ignition\x64\debug\regex_debug.obj
d:\storage\daniil\auto_ignition\auto_ignition\auto_ignition\x64\debug\species.obj
d:\storage\daniil\auto_ignition\auto_ignition\auto_ignition\x64\debug\static_mutex.obj
d:\storage\daniil\auto_ignition\auto_ignition\auto_ignition\x64\debug\thermodynamic.obj
d:\storage\daniil\auto_ignition\auto_ignition\auto_ignition\x64\debug\wide_posix_api.obj
d:\storage\daniil\auto_ignition\auto_ignition\auto_ignition\x64\debug\auto_ignition.tlog\cl.command.1.tlog
d:\storage\daniil\auto_ignition\auto_ignition\auto_ignition\x64\debug\auto_ignition.tlog\cl.read.1.tlog
d:\storage\daniil\auto_ignition\auto_ignition\auto_ignition\x64\debug\auto_ignition.tlog\cl.write.1.tlog
