d:\storage\daniil\sundials_build\src\sundials\sundials_generic_obj_static.dir\debug\sundials_generic_obj_static.pdb
d:\storage\daniil\sundials_build\src\sundials\sundials_generic_obj_static.dir\debug\sundials_version.obj
d:\storage\daniil\sundials_build\src\sundials\sundials_generic_obj_static.dir\debug\sundials_nvector_senswrapper.obj
d:\storage\daniil\sundials_build\src\sundials\sundials_generic_obj_static.dir\debug\sundials_nvector.obj
d:\storage\daniil\sundials_build\src\sundials\sundials_generic_obj_static.dir\debug\sundials_nonlinearsolver.obj
d:\storage\daniil\sundials_build\src\sundials\sundials_generic_obj_static.dir\debug\sundials_memory.obj
d:\storage\daniil\sundials_build\src\sundials\sundials_generic_obj_static.dir\debug\sundials_matrix.obj
d:\storage\daniil\sundials_build\src\sundials\sundials_generic_obj_static.dir\debug\sundials_math.obj
d:\storage\daniil\sundials_build\src\sundials\sundials_generic_obj_static.dir\debug\sundials_logger.obj
d:\storage\daniil\sundials_build\src\sundials\sundials_generic_obj_static.dir\debug\sundials_linearsolver.obj
d:\storage\daniil\sundials_build\src\sundials\sundials_generic_obj_static.dir\debug\sundials_iterative.obj
d:\storage\daniil\sundials_build\src\sundials\sundials_generic_obj_static.dir\debug\sundials_direct.obj
d:\storage\daniil\sundials_build\src\sundials\sundials_generic_obj_static.dir\debug\sundials_dense.obj
d:\storage\daniil\sundials_build\src\sundials\sundials_generic_obj_static.dir\debug\sundials_context.obj
d:\storage\daniil\sundials_build\src\sundials\sundials_generic_obj_static.dir\debug\sundials_band.obj
d:\storage\daniil\sundials_build\src\sundials\cmakefiles\generate.stamp
d:\storage\daniil\sundials_build\src\sundials\sundials_generic_obj_static.dir\debug\sundials_generic_obj_static.lib
d:\storage\daniil\sundials_build\src\sundials\sundials_generic_obj_static.dir\debug\sundials.034eda8b.tlog\cl.command.1.tlog
d:\storage\daniil\sundials_build\src\sundials\sundials_generic_obj_static.dir\debug\sundials.034eda8b.tlog\cl.items.tlog
d:\storage\daniil\sundials_build\src\sundials\sundials_generic_obj_static.dir\debug\sundials.034eda8b.tlog\cl.read.1.tlog
d:\storage\daniil\sundials_build\src\sundials\sundials_generic_obj_static.dir\debug\sundials.034eda8b.tlog\cl.write.1.tlog
d:\storage\daniil\sundials_build\src\sundials\sundials_generic_obj_static.dir\debug\sundials.034eda8b.tlog\custombuild.command.1.tlog
d:\storage\daniil\sundials_build\src\sundials\sundials_generic_obj_static.dir\debug\sundials.034eda8b.tlog\custombuild.read.1.tlog
d:\storage\daniil\sundials_build\src\sundials\sundials_generic_obj_static.dir\debug\sundials.034eda8b.tlog\custombuild.write.1.tlog
d:\storage\daniil\sundials_build\src\sundials\sundials_generic_obj_static.dir\debug\sundials.034eda8b.tlog\lib-link.read.1.tlog
d:\storage\daniil\sundials_build\src\sundials\sundials_generic_obj_static.dir\debug\sundials.034eda8b.tlog\lib-link.write.1.tlog
d:\storage\daniil\sundials_build\src\sundials\sundials_generic_obj_static.dir\debug\sundials.034eda8b.tlog\lib.command.1.tlog
