d:\storage\daniil\autoignition\autoignition\auto_ignition_build\myexecutable_1.dir\debug\vc143.pdb
d:\storage\daniil\autoignition\autoignition\auto_ignition_build\myexecutable_1.dir\debug\constants.obj
d:\storage\daniil\autoignition\autoignition\auto_ignition_build\myexecutable_1.dir\debug\concentration.obj
d:\storage\daniil\autoignition\autoignition\auto_ignition_build\myexecutable_1.dir\debug\auto_ignition.obj
d:\storage\daniil\autoignition\autoignition\auto_ignition_build\myexecutable_1.dir\debug\mmcollisionint.obj
d:\storage\daniil\autoignition\autoignition\auto_ignition_build\myexecutable_1.dir\debug\gastransport.obj
d:\storage\daniil\autoignition\autoignition\auto_ignition_build\myexecutable_1.dir\debug\transportparser.obj
d:\storage\daniil\autoignition\autoignition\auto_ignition_build\myexecutable_1.dir\debug\transport.obj
d:\storage\daniil\autoignition\autoignition\auto_ignition_build\myexecutable_1.dir\debug\thermoparser.obj
d:\storage\daniil\autoignition\autoignition\auto_ignition_build\myexecutable_1.dir\debug\thermo.obj
d:\storage\daniil\autoignition\autoignition\auto_ignition_build\myexecutable_1.dir\debug\stringfunctions.obj
d:\storage\daniil\autoignition\autoignition\auto_ignition_build\myexecutable_1.dir\debug\species.obj
d:\storage\daniil\autoignition\autoignition\auto_ignition_build\myexecutable_1.dir\debug\reactionparser.obj
d:\storage\daniil\autoignition\autoignition\auto_ignition_build\myexecutable_1.dir\debug\reaction.obj
d:\storage\daniil\autoignition\autoignition\auto_ignition_build\myexecutable_1.dir\debug\element.obj
d:\storage\daniil\autoignition\autoignition\auto_ignition_build\myexecutable_1.dir\debug\chemkinreader.obj
d:\storage\daniil\autoignition\autoignition\auto_ignition_build\myexecutable_1.dir\debug\wide_posix_api.obj
d:\storage\daniil\autoignition\autoignition\auto_ignition_build\myexecutable_1.dir\debug\static_mutex.obj
d:\storage\daniil\autoignition\autoignition\auto_ignition_build\myexecutable_1.dir\debug\regex_debug.obj
d:\storage\daniil\autoignition\autoignition\auto_ignition_build\myexecutable_1.dir\debug\regex.obj
d:\storage\daniil\autoignition\autoignition\auto_ignition_build\myexecutable_1.dir\debug\posix_api.obj
d:\storage\daniil\autoignition\autoignition\auto_ignition_build\myexecutable_1.dir\debug\thermodynamic.obj
d:\storage\daniil\autoignition\autoignition\auto_ignition_build\myexecutable_1.dir\debug\polyfit.obj
d:\storage\daniil\autoignition\autoignition\auto_ignition_build\myexecutable_1.dir\debug\functions_sundials.obj
d:\storage\daniil\autoignition\autoignition\auto_ignition_build\cmakefiles\generate.stamp
d:\storage\daniil\auto_ignition\auto_ignition\sundials_build\bin\debug\myexecutable_1.exe
d:\storage\daniil\auto_ignition\auto_ignition\sundials_build\bin\debug\myexecutable_1.pdb
d:\storage\daniil\autoignition\autoignition\auto_ignition_build\myexecutable_1.dir\debug\myexecutable_1.ilk
d:\storage\daniil\autoignition\autoignition\auto_ignition_build\myexecutable_1.dir\debug\myexecutable_1.tlog\cl.command.1.tlog
d:\storage\daniil\autoignition\autoignition\auto_ignition_build\myexecutable_1.dir\debug\myexecutable_1.tlog\cl.items.tlog
d:\storage\daniil\autoignition\autoignition\auto_ignition_build\myexecutable_1.dir\debug\myexecutable_1.tlog\cl.read.1.tlog
d:\storage\daniil\autoignition\autoignition\auto_ignition_build\myexecutable_1.dir\debug\myexecutable_1.tlog\cl.write.1.tlog
d:\storage\daniil\autoignition\autoignition\auto_ignition_build\myexecutable_1.dir\debug\myexecutable_1.tlog\custombuild.command.1.tlog
d:\storage\daniil\autoignition\autoignition\auto_ignition_build\myexecutable_1.dir\debug\myexecutable_1.tlog\custombuild.read.1.tlog
d:\storage\daniil\autoignition\autoignition\auto_ignition_build\myexecutable_1.dir\debug\myexecutable_1.tlog\custombuild.write.1.tlog
d:\storage\daniil\autoignition\autoignition\auto_ignition_build\myexecutable_1.dir\debug\myexecutable_1.tlog\link.command.1.tlog
d:\storage\daniil\autoignition\autoignition\auto_ignition_build\myexecutable_1.dir\debug\myexecutable_1.tlog\link.read.1.tlog
d:\storage\daniil\autoignition\autoignition\auto_ignition_build\myexecutable_1.dir\debug\myexecutable_1.tlog\link.secondary.1.tlog
d:\storage\daniil\autoignition\autoignition\auto_ignition_build\myexecutable_1.dir\debug\myexecutable_1.tlog\link.write.1.tlog
